Copyright 1986-2022 Xilinx, Inc. All Rights Reserved.
-------------------------------------------------------------------------------------------------------------------------------------------------------------------
| Tool Version     : Vivado v.2022.2 (win64) Build 3671981 Fri Oct 14 05:00:03 MDT 2022
| Date             : Thu Apr 11 19:56:39 2024
| Host             : DESKTOP-PDOT4RD running 64-bit major release  (build 9200)
| Command          : report_power -file ICOBS_light_TOP_power_routed.rpt -pb ICOBS_light_TOP_power_summary_routed.pb -rpx ICOBS_light_TOP_power_routed.rpx
| Design           : ICOBS_light_TOP
| Device           : xc7a35tcpg236-1
| Design State     : routed
| Grade            : commercial
| Process          : typical
| Characterization : Production
-------------------------------------------------------------------------------------------------------------------------------------------------------------------

Power Report

Table of Contents
-----------------
1. Summary
1.1 On-Chip Components
1.2 Power Supply Summary
1.3 Confidence Level
2. Settings
2.1 Environment
2.2 Clock Constraints
3. Detailed Reports
3.1 By Hierarchy

1. Summary
----------

+--------------------------+--------------+
| Total On-Chip Power (W)  | 0.174        |
| Design Power Budget (W)  | Unspecified* |
| Power Budget Margin (W)  | NA           |
| Dynamic (W)              | 0.100        |
| Device Static (W)        | 0.074        |
| Effective TJA (C/W)      | 5.0          |
| Max Ambient (C)          | 84.1         |
| Junction Temperature (C) | 25.9         |
| Confidence Level         | Low          |
| Setting File             | ---          |
| Simulation Activity File | ---          |
| Design Nets Matched      | NA           |
+--------------------------+--------------+
* Specify Design Power Budget using, set_operating_conditions -design_power_budget <value in Watts>


1.1 On-Chip Components
----------------------

+--------------------------+-----------+----------+-----------+-----------------+
| On-Chip                  | Power (W) | Used     | Available | Utilization (%) |
+--------------------------+-----------+----------+-----------+-----------------+
| Clocks                   |     0.002 |        7 |       --- |             --- |
| Slice Logic              |     0.006 |     8728 |       --- |             --- |
|   LUT as Logic           |     0.005 |     4664 |     20800 |           22.42 |
|   CARRY4                 |    <0.001 |      298 |      8150 |            3.66 |
|   Register               |    <0.001 |     2555 |     41600 |            6.14 |
|   BUFG                   |    <0.001 |        2 |        32 |            6.25 |
|   LUT as Distributed RAM |    <0.001 |       44 |      9600 |            0.46 |
|   F7/F8 Muxes            |    <0.001 |       39 |     32600 |            0.12 |
|   Others                 |     0.000 |      199 |       --- |             --- |
| Signals                  |     0.007 |     8142 |       --- |             --- |
| Block RAM                |     0.015 |     42.5 |        50 |           85.00 |
| MMCM                     |     0.059 |        1 |         5 |           20.00 |
| DSPs                     |    <0.001 |        8 |        90 |            8.89 |
| I/O                      |     0.011 |       66 |       106 |           62.26 |
| Static Power             |     0.074 |          |           |                 |
| Total                    |     0.174 |          |           |                 |
+--------------------------+-----------+----------+-----------+-----------------+


1.2 Power Supply Summary
------------------------

+-----------+-------------+-----------+-------------+------------+-------------+-------------+------------+
| Source    | Voltage (V) | Total (A) | Dynamic (A) | Static (A) | Powerup (A) | Budget (A)  | Margin (A) |
+-----------+-------------+-----------+-------------+------------+-------------+-------------+------------+
| Vccint    |       1.000 |     0.039 |       0.029 |      0.011 |       NA    | Unspecified | NA         |
| Vccaux    |       1.800 |     0.046 |       0.033 |      0.013 |       NA    | Unspecified | NA         |
| Vcco33    |       3.300 |     0.004 |       0.003 |      0.001 |       NA    | Unspecified | NA         |
| Vcco25    |       2.500 |     0.000 |       0.000 |      0.000 |       NA    | Unspecified | NA         |
| Vcco18    |       1.800 |     0.000 |       0.000 |      0.000 |       NA    | Unspecified | NA         |
| Vcco15    |       1.500 |     0.000 |       0.000 |      0.000 |       NA    | Unspecified | NA         |
| Vcco135   |       1.350 |     0.000 |       0.000 |      0.000 |       NA    | Unspecified | NA         |
| Vcco12    |       1.200 |     0.000 |       0.000 |      0.000 |       NA    | Unspecified | NA         |
| Vccaux_io |       1.800 |     0.000 |       0.000 |      0.000 |       NA    | Unspecified | NA         |
| Vccbram   |       1.000 |     0.002 |       0.001 |      0.001 |       NA    | Unspecified | NA         |
| MGTAVcc   |       1.000 |     0.000 |       0.000 |      0.000 |       NA    | Unspecified | NA         |
| MGTAVtt   |       1.200 |     0.000 |       0.000 |      0.000 |       NA    | Unspecified | NA         |
| Vccadc    |       1.800 |     0.020 |       0.000 |      0.020 |       NA    | Unspecified | NA         |
+-----------+-------------+-----------+-------------+------------+-------------+-------------+------------+


1.3 Confidence Level
--------------------

+-----------------------------+------------+--------------------------------------------------------+--------------------------------------------------------------------------------------------------------------------+
| User Input Data             | Confidence | Details                                                | Action                                                                                                             |
+-----------------------------+------------+--------------------------------------------------------+--------------------------------------------------------------------------------------------------------------------+
| Design implementation state | High       | Design is routed                                       |                                                                                                                    |
| Clock nodes activity        | Low        | User specified less than 75% of clocks                 | Provide missing clock activity with a constraint file, simulation results or by editing the "By Clock Domain" view |
| I/O nodes activity          | Low        | More than 75% of inputs are missing user specification | Provide missing input activity with simulation results or by editing the "By Resource Type -> I/Os" view           |
| Internal nodes activity     | Medium     | User specified less than 25% of internal nodes         | Provide missing internal nodes activity with simulation results or by editing the "By Resource Type" views         |
| Device models               | High       | Device models are Production                           |                                                                                                                    |
|                             |            |                                                        |                                                                                                                    |
| Overall confidence level    | Low        |                                                        |                                                                                                                    |
+-----------------------------+------------+--------------------------------------------------------+--------------------------------------------------------------------------------------------------------------------+


2. Settings
-----------

2.1 Environment
---------------

+-----------------------+--------------------------+
| Ambient Temp (C)      | 25.0                     |
| ThetaJA (C/W)         | 5.0                      |
| Airflow (LFM)         | 250                      |
| Heat Sink             | medium (Medium Profile)  |
| ThetaSA (C/W)         | 4.6                      |
| Board Selection       | medium (10"x10")         |
| # of Board Layers     | 12to15 (12 to 15 Layers) |
| Board Temperature (C) | 25.0                     |
+-----------------------+--------------------------+


2.2 Clock Constraints
---------------------

+--------------------------+------------------------------------------------------------------------+-----------------+
| Clock                    | Domain                                                                 | Constraint (ns) |
+--------------------------+------------------------------------------------------------------------+-----------------+
| clk100_VGA_Clock_Multi   | MCU/periphs/U_ahblite_my_vga/U_VGA/clkIP/inst/clk100_VGA_Clock_Multi   |            10.0 |
| clk25_VGA_Clock_Multi    | MCU/periphs/U_ahblite_my_vga/U_VGA/clkIP/inst/clk25_VGA_Clock_Multi    |            40.0 |
| clkfbout_VGA_Clock_Multi | MCU/periphs/U_ahblite_my_vga/U_VGA/clkIP/inst/clkfbout_VGA_Clock_Multi |            20.0 |
| sys_clk_pin              | EXTCLK                                                                 |            10.0 |
+--------------------------+------------------------------------------------------------------------+-----------------+


3. Detailed Reports
-------------------

3.1 By Hierarchy
----------------

+------------------------+-----------+
| Name                   | Power (W) |
+------------------------+-----------+
| ICOBS_light_TOP        |     0.100 |
|   GPIOA                |     0.005 |
|   GPIOB                |     0.005 |
|   GPIOC                |     0.001 |
|   MCU                  |     0.088 |
|     IBEX               |     0.012 |
|       IBEX_VER_1       |     0.012 |
|     periphs            |     0.076 |
|       U_ahblite_my_vga |     0.076 |
+------------------------+-----------+


